Performing C SOURCE FILE Test CMAKE_HAVE_LIBC_PTHREAD failed with the following output:
Change Dir: /home/zavala68/mydune/code/build-cmake/CMakeFiles/CMakeTmp

Run Build Command(s):/usr/bin/make cmTC_1a379/fast && /usr/bin/make -f CMakeFiles/cmTC_1a379.dir/build.make CMakeFiles/cmTC_1a379.dir/build
make[1]: Entering directory '/home/zavala68/mydune/code/build-cmake/CMakeFiles/CMakeTmp'
Building C object CMakeFiles/cmTC_1a379.dir/src.c.o
/usr/bin/cc   -DCMAKE_HAVE_LIBC_PTHREAD -fPIE   -o CMakeFiles/cmTC_1a379.dir/src.c.o   -c /home/zavala68/mydune/code/build-cmake/CMakeFiles/CMakeTmp/src.c
Linking C executable cmTC_1a379
/usr/bin/cmake -E cmake_link_script CMakeFiles/cmTC_1a379.dir/link.txt --verbose=1
/usr/bin/cc  -DCMAKE_HAVE_LIBC_PTHREAD    -rdynamic CMakeFiles/cmTC_1a379.dir/src.c.o  -o cmTC_1a379 
/usr/bin/ld: CMakeFiles/cmTC_1a379.dir/src.c.o: in function `main':
src.c:(.text+0x46): undefined reference to `pthread_create'
/usr/bin/ld: src.c:(.text+0x52): undefined reference to `pthread_detach'
/usr/bin/ld: src.c:(.text+0x63): undefined reference to `pthread_join'
collect2: error: ld returned 1 exit status
make[1]: *** [CMakeFiles/cmTC_1a379.dir/build.make:87: cmTC_1a379] Error 1
make[1]: Leaving directory '/home/zavala68/mydune/code/build-cmake/CMakeFiles/CMakeTmp'
make: *** [Makefile:121: cmTC_1a379/fast] Error 2


Source file was:
#include <pthread.h>

void* test_func(void* data)
{
  return data;
}

int main(void)
{
  pthread_t thread;
  pthread_create(&thread, NULL, test_func, NULL);
  pthread_detach(thread);
  pthread_join(thread, NULL);
  pthread_atfork(NULL, NULL, NULL);
  pthread_exit(NULL);

  return 0;
}

Determining if the std::identity exist failed with the following output:
Change Dir: /home/zavala68/mydune/code/build-cmake/CMakeFiles/CMakeTmp

Run Build Command(s):/usr/bin/make cmTC_01527/fast && /usr/bin/make -f CMakeFiles/cmTC_01527.dir/build.make CMakeFiles/cmTC_01527.dir/build
make[1]: Entering directory '/home/zavala68/mydune/code/build-cmake/CMakeFiles/CMakeTmp'
Building CXX object CMakeFiles/cmTC_01527.dir/CheckSymbolExists.cxx.o
/usr/bin/c++    -std=c++17   -fPIE   -o CMakeFiles/cmTC_01527.dir/CheckSymbolExists.cxx.o -c /home/zavala68/mydune/code/build-cmake/CMakeFiles/CMakeTmp/CheckSymbolExists.cxx
/home/zavala68/mydune/code/build-cmake/CMakeFiles/CMakeTmp/CheckSymbolExists.cxx: In function ‘int main(int, char**)’:
/home/zavala68/mydune/code/build-cmake/CMakeFiles/CMakeTmp/CheckSymbolExists.cxx:7:24: error: ‘identity’ is not a member of ‘std’
    7 |   return ((int*)(&std::identity))[argc];
      |                        ^~~~~~~~
make[1]: *** [CMakeFiles/cmTC_01527.dir/build.make:66: CMakeFiles/cmTC_01527.dir/CheckSymbolExists.cxx.o] Error 1
make[1]: Leaving directory '/home/zavala68/mydune/code/build-cmake/CMakeFiles/CMakeTmp'
make: *** [Makefile:121: cmTC_01527/fast] Error 2


File /home/zavala68/mydune/code/build-cmake/CMakeFiles/CMakeTmp/CheckSymbolExists.cxx:
/* */
#include <functional>

int main(int argc, char** argv)
{
  (void)argv;
  return ((int*)(&std::identity))[argc];
}
Determining if the Fortran sgemm exists failed with the following output:
Change Dir: /home/zavala68/mydune/code/build-cmake/CMakeFiles/CMakeTmp

Run Build Command(s):/usr/bin/make cmTC_16619/fast && /usr/bin/make -f CMakeFiles/cmTC_16619.dir/build.make CMakeFiles/cmTC_16619.dir/build
make[1]: Entering directory '/home/zavala68/mydune/code/build-cmake/CMakeFiles/CMakeTmp'
Building Fortran object CMakeFiles/cmTC_16619.dir/testFortranCompiler.f.o
/usr/bin/gfortran   -O3 -DNDEBUG -O3 -fPIE   -c /home/zavala68/mydune/code/build-cmake/CMakeFiles/CMakeTmp/testFortranCompiler.f -o CMakeFiles/cmTC_16619.dir/testFortranCompiler.f.o
Linking Fortran executable cmTC_16619
/usr/bin/cmake -E cmake_link_script CMakeFiles/cmTC_16619.dir/link.txt --verbose=1
/usr/bin/gfortran      -O3 -DNDEBUG -O3 CMakeFiles/cmTC_16619.dir/testFortranCompiler.f.o  -o cmTC_16619 
/usr/bin/ld: CMakeFiles/cmTC_16619.dir/testFortranCompiler.f.o: in function `main':
testFortranCompiler.f:(.text.startup+0x1d): undefined reference to `sgemm_'
collect2: error: ld returned 1 exit status
make[1]: *** [CMakeFiles/cmTC_16619.dir/build.make:87: cmTC_16619] Error 1
make[1]: Leaving directory '/home/zavala68/mydune/code/build-cmake/CMakeFiles/CMakeTmp'
make: *** [Makefile:121: cmTC_16619/fast] Error 2



Determining if the Fortran cheev exists failed with the following output:
Change Dir: /home/zavala68/mydune/code/build-cmake/CMakeFiles/CMakeTmp

Run Build Command(s):/usr/bin/make cmTC_59f31/fast && /usr/bin/make -f CMakeFiles/cmTC_59f31.dir/build.make CMakeFiles/cmTC_59f31.dir/build
make[1]: Entering directory '/home/zavala68/mydune/code/build-cmake/CMakeFiles/CMakeTmp'
Building Fortran object CMakeFiles/cmTC_59f31.dir/testFortranCompiler.f.o
/usr/bin/gfortran   -O3 -DNDEBUG -O3 -fPIE   -c /home/zavala68/mydune/code/build-cmake/CMakeFiles/CMakeTmp/testFortranCompiler.f -o CMakeFiles/cmTC_59f31.dir/testFortranCompiler.f.o
Linking Fortran executable cmTC_59f31
/usr/bin/cmake -E cmake_link_script CMakeFiles/cmTC_59f31.dir/link.txt --verbose=1
/usr/bin/gfortran      -O3 -DNDEBUG -O3 CMakeFiles/cmTC_59f31.dir/testFortranCompiler.f.o  -o cmTC_59f31  /usr/lib/x86_64-linux-gnu/libblas.so 
/usr/bin/ld: CMakeFiles/cmTC_59f31.dir/testFortranCompiler.f.o: in function `main':
testFortranCompiler.f:(.text.startup+0x1d): undefined reference to `cheev_'
collect2: error: ld returned 1 exit status
make[1]: *** [CMakeFiles/cmTC_59f31.dir/build.make:88: cmTC_59f31] Error 1
make[1]: Leaving directory '/home/zavala68/mydune/code/build-cmake/CMakeFiles/CMakeTmp'
make: *** [Makefile:121: cmTC_59f31/fast] Error 2



Determining if the include file gmpxx.h exists failed with the following output:
Change Dir: /home/zavala68/mydune/code/build-cmake/CMakeFiles/CMakeTmp

Run Build Command(s):/usr/bin/make cmTC_ced91/fast && /usr/bin/make -f CMakeFiles/cmTC_ced91.dir/build.make CMakeFiles/cmTC_ced91.dir/build
make[1]: Entering directory '/home/zavala68/mydune/code/build-cmake/CMakeFiles/CMakeTmp'
Building CXX object CMakeFiles/cmTC_ced91.dir/CheckIncludeFile.cxx.o
/usr/bin/c++    -std=c++17   -O3 -DNDEBUG -fPIE   -o CMakeFiles/cmTC_ced91.dir/CheckIncludeFile.cxx.o -c /home/zavala68/mydune/code/build-cmake/CMakeFiles/CMakeTmp/CheckIncludeFile.cxx
/home/zavala68/mydune/code/build-cmake/CMakeFiles/CMakeTmp/CheckIncludeFile.cxx:1:10: fatal error: gmpxx.h: No such file or directory
    1 | #include <gmpxx.h>
      |          ^~~~~~~~~
compilation terminated.
make[1]: *** [CMakeFiles/cmTC_ced91.dir/build.make:66: CMakeFiles/cmTC_ced91.dir/CheckIncludeFile.cxx.o] Error 1
make[1]: Leaving directory '/home/zavala68/mydune/code/build-cmake/CMakeFiles/CMakeTmp'
make: *** [Makefile:121: cmTC_ced91/fast] Error 2



Determining location of GMP, GMPxx failed:
Include directory: GMPXX_INCLUDE_DIR-NOTFOUND
gmp library directory: GMP_LIB-NOTFOUND
gmpxx library directory: GMPXX_LIB-NOTFOUND

Performing C++ SOURCE FILE Test TBB_COMPILE_TEST failed with the following output:
Change Dir: /home/zavala68/mydune/code/build-cmake/CMakeFiles/CMakeTmp

Run Build Command(s):/usr/bin/make cmTC_9e0d2/fast && /usr/bin/make -f CMakeFiles/cmTC_9e0d2.dir/build.make CMakeFiles/cmTC_9e0d2.dir/build
make[1]: Entering directory '/home/zavala68/mydune/code/build-cmake/CMakeFiles/CMakeTmp'
Building CXX object CMakeFiles/cmTC_9e0d2.dir/src.cxx.o
/usr/bin/c++  -D_TBB_CPP0X  -std=c++17  -DTBB_COMPILE_TEST -O3 -DNDEBUG -fPIE   -o CMakeFiles/cmTC_9e0d2.dir/src.cxx.o -c /home/zavala68/mydune/code/build-cmake/CMakeFiles/CMakeTmp/src.cxx
/home/zavala68/mydune/code/build-cmake/CMakeFiles/CMakeTmp/src.cxx:2:10: fatal error: tbb/tbb.h: No such file or directory
    2 | #include <tbb/tbb.h>
      |          ^~~~~~~~~~~
compilation terminated.
make[1]: *** [CMakeFiles/cmTC_9e0d2.dir/build.make:66: CMakeFiles/cmTC_9e0d2.dir/src.cxx.o] Error 1
make[1]: Leaving directory '/home/zavala68/mydune/code/build-cmake/CMakeFiles/CMakeTmp'
make: *** [Makefile:121: cmTC_9e0d2/fast] Error 2


Source file was:

#include <tbb/tbb.h>
#include <numeric>

int main()
{
  int x[10] = {0};
  tbb::parallel_for(0,10,[&](int i){ x[i] = i; });
  return !(std::accumulate(x,x+10,0) == (9*10)/2);
}

Determining if the include file metis.h exists failed with the following output:
Change Dir: /home/zavala68/mydune/code/build-cmake/CMakeFiles/CMakeTmp

Run Build Command(s):/usr/bin/make cmTC_77e5b/fast && /usr/bin/make -f CMakeFiles/cmTC_77e5b.dir/build.make CMakeFiles/cmTC_77e5b.dir/build
make[1]: Entering directory '/home/zavala68/mydune/code/build-cmake/CMakeFiles/CMakeTmp'
Building C object CMakeFiles/cmTC_77e5b.dir/CheckIncludeFile.c.o
/usr/bin/cc   -O3 -DNDEBUG -fPIE   -o CMakeFiles/cmTC_77e5b.dir/CheckIncludeFile.c.o   -c /home/zavala68/mydune/code/build-cmake/CMakeFiles/CMakeTmp/CheckIncludeFile.c
/home/zavala68/mydune/code/build-cmake/CMakeFiles/CMakeTmp/CheckIncludeFile.c:1:10: fatal error: metis.h: No such file or directory
    1 | #include <metis.h>
      |          ^~~~~~~~~
compilation terminated.
make[1]: *** [CMakeFiles/cmTC_77e5b.dir/build.make:66: CMakeFiles/cmTC_77e5b.dir/CheckIncludeFile.c.o] Error 1
make[1]: Leaving directory '/home/zavala68/mydune/code/build-cmake/CMakeFiles/CMakeTmp'
make: *** [Makefile:121: cmTC_77e5b/fast] Error 2



Determing location of METIS failed:
Include directory: 
Library directory: 

Determing location of METIS failed:
Include directory: 
Library directory: 

Determing location of ParMETIS failed:
Include directory: PARMETIS_INCLUDE_DIR-NOTFOUND
ParMETIS library directory: ParMETIS_LIBRARY-NOTFOUND

Performing C SOURCE FILE Test SUPERLU_MIN_VERSION_4 failed with the following output:
Change Dir: /home/zavala68/mydune/code/build-cmake/CMakeFiles/CMakeTmp

Run Build Command(s):/usr/bin/make cmTC_faec6/fast && /usr/bin/make -f CMakeFiles/cmTC_faec6.dir/build.make CMakeFiles/cmTC_faec6.dir/build
make[1]: Entering directory '/home/zavala68/mydune/code/build-cmake/CMakeFiles/CMakeTmp'
Building C object CMakeFiles/cmTC_faec6.dir/src.c.o
/usr/bin/cc   -DSUPERLU_MIN_VERSION_4 -O3 -DNDEBUG -fPIE   -o CMakeFiles/cmTC_faec6.dir/src.c.o   -c /home/zavala68/mydune/code/build-cmake/CMakeFiles/CMakeTmp/src.c
/home/zavala68/mydune/code/build-cmake/CMakeFiles/CMakeTmp/src.c:3:10: fatal error: supermatrix.h: No such file or directory
    3 | #include <supermatrix.h>
      |          ^~~~~~~~~~~~~~~
compilation terminated.
make[1]: *** [CMakeFiles/cmTC_faec6.dir/build.make:66: CMakeFiles/cmTC_faec6.dir/src.c.o] Error 1
make[1]: Leaving directory '/home/zavala68/mydune/code/build-cmake/CMakeFiles/CMakeTmp'
make: *** [Makefile:121: cmTC_faec6/fast] Error 2


Source file was:

typedef int int_t;
#include <supermatrix.h>
#include <slu_util.h>
int main()
{
  SuperLUStat_t stat;
  stat.expansions=8;
  return 0;
}
Performing C SOURCE FILE Test SUPERLU_MIN_VERSION_4_3 failed with the following output:
Change Dir: /home/zavala68/mydune/code/build-cmake/CMakeFiles/CMakeTmp

Run Build Command(s):/usr/bin/make cmTC_91ba9/fast && /usr/bin/make -f CMakeFiles/cmTC_91ba9.dir/build.make CMakeFiles/cmTC_91ba9.dir/build
make[1]: Entering directory '/home/zavala68/mydune/code/build-cmake/CMakeFiles/CMakeTmp'
Building C object CMakeFiles/cmTC_91ba9.dir/src.c.o
/usr/bin/cc   -DSUPERLU_MIN_VERSION_4_3 -O3 -DNDEBUG -fPIE   -o CMakeFiles/cmTC_91ba9.dir/src.c.o   -c /home/zavala68/mydune/code/build-cmake/CMakeFiles/CMakeTmp/src.c
/home/zavala68/mydune/code/build-cmake/CMakeFiles/CMakeTmp/src.c:2:10: fatal error: slu_ddefs.h: No such file or directory
    2 | #include <slu_ddefs.h>
      |          ^~~~~~~~~~~~~
compilation terminated.
make[1]: *** [CMakeFiles/cmTC_91ba9.dir/build.make:66: CMakeFiles/cmTC_91ba9.dir/src.c.o] Error 1
make[1]: Leaving directory '/home/zavala68/mydune/code/build-cmake/CMakeFiles/CMakeTmp'
make: *** [Makefile:121: cmTC_91ba9/fast] Error 2


Source file was:

#include <slu_ddefs.h>
int main(void)
{
  return SLU_DOUBLE;
}
Performing C SOURCE FILE Test SUPERLU_MIN_VERSION_5 failed with the following output:
Change Dir: /home/zavala68/mydune/code/build-cmake/CMakeFiles/CMakeTmp

Run Build Command(s):/usr/bin/make cmTC_6ee38/fast && /usr/bin/make -f CMakeFiles/cmTC_6ee38.dir/build.make CMakeFiles/cmTC_6ee38.dir/build
make[1]: Entering directory '/home/zavala68/mydune/code/build-cmake/CMakeFiles/CMakeTmp'
Building C object CMakeFiles/cmTC_6ee38.dir/src.c.o
/usr/bin/cc   -DSUPERLU_MIN_VERSION_5 -O3 -DNDEBUG -fPIE   -o CMakeFiles/cmTC_6ee38.dir/src.c.o   -c /home/zavala68/mydune/code/build-cmake/CMakeFiles/CMakeTmp/src.c
/home/zavala68/mydune/code/build-cmake/CMakeFiles/CMakeTmp/src.c:3:10: fatal error: supermatrix.h: No such file or directory
    3 | #include <supermatrix.h>
      |          ^~~~~~~~~~~~~~~
compilation terminated.
make[1]: *** [CMakeFiles/cmTC_6ee38.dir/build.make:66: CMakeFiles/cmTC_6ee38.dir/src.c.o] Error 1
make[1]: Leaving directory '/home/zavala68/mydune/code/build-cmake/CMakeFiles/CMakeTmp'
make: *** [Makefile:121: cmTC_6ee38/fast] Error 2


Source file was:

typedef int int_t;
#include <supermatrix.h>
#include <slu_util.h>
int main(void)
{
  GlobalLU_t glu;
  return 0;
}
Determining location of SuperLU failed:
Include directory: 
Library directory: 
Found unsupported version: SuperLU < 4.0

Determing location of ARPACK failed:
Libraries to link against: 

Determing location of ARPACK++ failed:
Include directory: 
Libraries to link against: 

Determing location of METIS failed:
Include directory: 
Library directory: 

Determing location of METIS failed:
Include directory: 
Library directory: 

Determing location of ParMETIS failed:
Include directory: PARMETIS_INCLUDE_DIR-NOTFOUND
ParMETIS library directory: ParMETIS_LIBRARY-NOTFOUND

Determining location of psurface failed:
Include directory: 
Library directory: 

Determining if files sion.h exist failed with the following output:
Change Dir: /home/zavala68/mydune/code/build-cmake/CMakeFiles/CMakeTmp

Run Build Command(s):/usr/bin/make cmTC_c3ed7/fast && /usr/bin/make -f CMakeFiles/cmTC_c3ed7.dir/build.make CMakeFiles/cmTC_c3ed7.dir/build
make[1]: Entering directory '/home/zavala68/mydune/code/build-cmake/CMakeFiles/CMakeTmp'
Building C object CMakeFiles/cmTC_c3ed7.dir/SIONLIB_HEADER_USABLE.c.o
/usr/bin/cc   -O3 -DNDEBUG -fPIE    -pthread -DENABLE_SIONLIB -o CMakeFiles/cmTC_c3ed7.dir/SIONLIB_HEADER_USABLE.c.o   -c /home/zavala68/mydune/code/build-cmake/CMakeFiles/CheckIncludeFiles/SIONLIB_HEADER_USABLE.c
/home/zavala68/mydune/code/build-cmake/CMakeFiles/CheckIncludeFiles/SIONLIB_HEADER_USABLE.c:2:10: fatal error: sion.h: No such file or directory
    2 | #include <sion.h>
      |          ^~~~~~~~
compilation terminated.
make[1]: *** [CMakeFiles/cmTC_c3ed7.dir/build.make:66: CMakeFiles/cmTC_c3ed7.dir/SIONLIB_HEADER_USABLE.c.o] Error 1
make[1]: Leaving directory '/home/zavala68/mydune/code/build-cmake/CMakeFiles/CMakeTmp'
make: *** [Makefile:121: cmTC_c3ed7/fast] Error 2


Source:
/* */
#include <sion.h>


int main(void){return 0;}

Determing location of SIONLIB failed:
Include directory: 
Library directory: 

Determing location of METIS failed:
Include directory: 
Library directory: 

Performing C++ SOURCE FILE Test DUNE_CV_PTHREAD_TLS_COMPILES failed with the following output:
Change Dir: /home/zavala68/mydune/code/build-cmake/CMakeFiles/CMakeTmp

Run Build Command(s):/usr/bin/make cmTC_2d932/fast && /usr/bin/make -f CMakeFiles/cmTC_2d932.dir/build.make CMakeFiles/cmTC_2d932.dir/build
make[1]: Entering directory '/home/zavala68/mydune/code/build-cmake/CMakeFiles/CMakeTmp'
Building CXX object CMakeFiles/cmTC_2d932.dir/src.cxx.o
/usr/bin/c++    -std=c++17  -DDUNE_CV_PTHREAD_TLS_COMPILES -O3 -DNDEBUG -fPIE   -o CMakeFiles/cmTC_2d932.dir/src.cxx.o -c /home/zavala68/mydune/code/build-cmake/CMakeFiles/CMakeTmp/src.cxx
/home/zavala68/mydune/code/build-cmake/CMakeFiles/CMakeTmp/src.cxx:1:1: error: ‘include’ does not name a type
    1 | include <pthread.h>
      | ^~~~~~~
/home/zavala68/mydune/code/build-cmake/CMakeFiles/CMakeTmp/src.cxx:7:42: error: ‘maxThreads’ was not declared in this scope
    7 |                 static int threadnumber[ maxThreads ];
      |                                          ^~~~~~~~~~
/home/zavala68/mydune/code/build-cmake/CMakeFiles/CMakeTmp/src.cxx:8:17: error: ‘pthread_barrier_t’ does not name a type
    8 |                 pthread_barrier_t barrier;
      |                 ^~~~~~~~~~~~~~~~~
/home/zavala68/mydune/code/build-cmake/CMakeFiles/CMakeTmp/src.cxx: In function ‘void* setThreadNumber(void*)’:
/home/zavala68/mydune/code/build-cmake/CMakeFiles/CMakeTmp/src.cxx:13:19: error: ‘threadnumber’ was not declared in this scope; did you mean ‘threadNumber’?
   13 |                   threadnumber[ num ] = threadNumber ();
      |                   ^~~~~~~~~~~~
      |                   threadNumber
/home/zavala68/mydune/code/build-cmake/CMakeFiles/CMakeTmp/src.cxx:14:42: error: ‘barrier’ was not declared in this scope
   14 |                   pthread_barrier_wait( &barrier );
      |                                          ^~~~~~~
/home/zavala68/mydune/code/build-cmake/CMakeFiles/CMakeTmp/src.cxx:14:19: error: ‘pthread_barrier_wait’ was not declared in this scope
   14 |                   pthread_barrier_wait( &barrier );
      |                   ^~~~~~~~~~~~~~~~~~~~
/home/zavala68/mydune/code/build-cmake/CMakeFiles/CMakeTmp/src.cxx: In function ‘int main()’:
/home/zavala68/mydune/code/build-cmake/CMakeFiles/CMakeTmp/src.cxx:18:19: error: ‘pthread_t’ was not declared in this scope
   18 |                   pthread_t thread[ maxThreads ];
      |                   ^~~~~~~~~
/home/zavala68/mydune/code/build-cmake/CMakeFiles/CMakeTmp/src.cxx:19:28: error: ‘maxThreads’ was not declared in this scope
   19 |                   int num[ maxThreads ];
      |                            ^~~~~~~~~~
/home/zavala68/mydune/code/build-cmake/CMakeFiles/CMakeTmp/src.cxx:22:21: error: ‘num’ was not declared in this scope; did you mean ‘enum’?
   22 |                     num[ i ] = i;
      |                     ^~~
      |                     enum
/home/zavala68/mydune/code/build-cmake/CMakeFiles/CMakeTmp/src.cxx:23:21: error: ‘threadnumber’ was not declared in this scope; did you mean ‘threadNumber’?
   23 |                     threadnumber[ i ] = -1;
      |                     ^~~~~~~~~~~~
      |                     threadNumber
/home/zavala68/mydune/code/build-cmake/CMakeFiles/CMakeTmp/src.cxx:25:42: error: ‘barrier’ was not declared in this scope
   25 |                   pthread_barrier_init( &barrier, 0, maxThreads );
      |                                          ^~~~~~~
/home/zavala68/mydune/code/build-cmake/CMakeFiles/CMakeTmp/src.cxx:25:19: error: ‘pthread_barrier_init’ was not declared in this scope
   25 |                   pthread_barrier_init( &barrier, 0, maxThreads );
      |                   ^~~~~~~~~~~~~~~~~~~~
/home/zavala68/mydune/code/build-cmake/CMakeFiles/CMakeTmp/src.cxx:27:38: error: ‘thread’ was not declared in this scope
   27 |                     pthread_create (&thread[ i ], 0, &setThreadNumber, (void *) &num[ i ]);
      |                                      ^~~~~~
/home/zavala68/mydune/code/build-cmake/CMakeFiles/CMakeTmp/src.cxx:27:82: error: ‘num’ was not declared in this scope; did you mean ‘enum’?
   27 |                     pthread_create (&thread[ i ], 0, &setThreadNumber, (void *) &num[ i ]);
      |                                                                                  ^~~
      |                                                                                  enum
/home/zavala68/mydune/code/build-cmake/CMakeFiles/CMakeTmp/src.cxx:27:21: error: ‘pthread_create’ was not declared in this scope
   27 |                     pthread_create (&thread[ i ], 0, &setThreadNumber, (void *) &num[ i ]);
      |                     ^~~~~~~~~~~~~~
/home/zavala68/mydune/code/build-cmake/CMakeFiles/CMakeTmp/src.cxx:30:35: error: ‘thread’ was not declared in this scope
   30 |                     pthread_join (thread[ i ], 0);
      |                                   ^~~~~~
/home/zavala68/mydune/code/build-cmake/CMakeFiles/CMakeTmp/src.cxx:30:21: error: ‘pthread_join’ was not declared in this scope
   30 |                     pthread_join (thread[ i ], 0);
      |                     ^~~~~~~~~~~~
/home/zavala68/mydune/code/build-cmake/CMakeFiles/CMakeTmp/src.cxx:33:25: error: ‘threadnumber’ was not declared in this scope; did you mean ‘threadNumber’?
   33 |                     if( threadnumber[ i ] != i ) result = 1;
      |                         ^~~~~~~~~~~~
      |                         threadNumber
make[1]: *** [CMakeFiles/cmTC_2d932.dir/build.make:66: CMakeFiles/cmTC_2d932.dir/src.cxx.o] Error 1
make[1]: Leaving directory '/home/zavala68/mydune/code/build-cmake/CMakeFiles/CMakeTmp'
make: *** [Makefile:121: cmTC_2d932/fast] Error 2


Source file was:
include <pthread.h>
                static const int maxThreads = 2 ;
                static int& threadNumber () {
                    static __thread int tn;
                    return tn;
                }
                static int threadnumber[ maxThreads ];
                pthread_barrier_t barrier;
                static void* setThreadNumber(void *number) {
                  const int num = *((int*) number);
                  threadNumber () = num ;
                  //sleep (1);
                  threadnumber[ num ] = threadNumber ();
                  pthread_barrier_wait( &barrier );
                  return 0;
                }
                int main () {
                  pthread_t thread[ maxThreads ];
                  int num[ maxThreads ];
                  for (int i=0; i<maxThreads; ++i )
                  {
                    num[ i ] = i;
                    threadnumber[ i ] = -1;
                  }
                  pthread_barrier_init( &barrier, 0, maxThreads );
                  for( int i=0; i<maxThreads; ++ i)
                    pthread_create (&thread[ i ], 0, &setThreadNumber, (void *) &num[ i ]);

                  for( int i=0; i<maxThreads; ++ i)
                    pthread_join (thread[ i ], 0);
                  int result = 0;
                  for( int i=0; i<maxThreads; ++i )
                    if( threadnumber[ i ] != i ) result = 1;
                  return result;
                }
Determining location of GMP, GMPxx failed:
Include directory: GMPXX_INCLUDE_DIR-NOTFOUND
gmp library directory: GMP_LIB-NOTFOUND
gmpxx library directory: GMPXX_LIB-NOTFOUND

Determing location of METIS failed:
Include directory: 
Library directory: 

Determing location of METIS failed:
Include directory: 
Library directory: 

Determing location of ParMETIS failed:
Include directory: PARMETIS_INCLUDE_DIR-NOTFOUND
ParMETIS library directory: ParMETIS_LIBRARY-NOTFOUND

Determining location of SuperLU failed:
Include directory: 
Library directory: 
Found unsupported version: SuperLU < 4.0

Determing location of ARPACK failed:
Libraries to link against: 

Determing location of ARPACK++ failed:
Include directory: 
Libraries to link against: 

Determing location of METIS failed:
Include directory: 
Library directory: 

Determing location of METIS failed:
Include directory: 
Library directory: 

Determing location of ParMETIS failed:
Include directory: PARMETIS_INCLUDE_DIR-NOTFOUND
ParMETIS library directory: ParMETIS_LIBRARY-NOTFOUND

Determining location of psurface failed:
Include directory: 
Library directory: 

Determing location of SIONLIB failed:
Include directory: 
Library directory: 

Determing location of METIS failed:
Include directory: 
Library directory: 

Determining location of GMP, GMPxx failed:
Include directory: GMPXX_INCLUDE_DIR-NOTFOUND
gmp library directory: GMP_LIB-NOTFOUND
gmpxx library directory: GMPXX_LIB-NOTFOUND

Determing location of METIS failed:
Include directory: 
Library directory: 

Determing location of METIS failed:
Include directory: 
Library directory: 

Determing location of ParMETIS failed:
Include directory: PARMETIS_INCLUDE_DIR-NOTFOUND
ParMETIS library directory: ParMETIS_LIBRARY-NOTFOUND

Determining location of SuperLU failed:
Include directory: 
Library directory: 
Found unsupported version: SuperLU < 4.0

Determing location of ARPACK failed:
Libraries to link against: 

Determing location of ARPACK++ failed:
Include directory: 
Libraries to link against: 

Determing location of METIS failed:
Include directory: 
Library directory: 

Determing location of METIS failed:
Include directory: 
Library directory: 

Determing location of ParMETIS failed:
Include directory: PARMETIS_INCLUDE_DIR-NOTFOUND
ParMETIS library directory: ParMETIS_LIBRARY-NOTFOUND

Determining location of psurface failed:
Include directory: 
Library directory: 

Determing location of SIONLIB failed:
Include directory: 
Library directory: 

Determing location of METIS failed:
Include directory: 
Library directory: 

Determining location of GMP, GMPxx failed:
Include directory: GMPXX_INCLUDE_DIR-NOTFOUND
gmp library directory: GMP_LIB-NOTFOUND
gmpxx library directory: GMPXX_LIB-NOTFOUND

Determing location of METIS failed:
Include directory: 
Library directory: 

Determing location of METIS failed:
Include directory: 
Library directory: 

Determing location of ParMETIS failed:
Include directory: PARMETIS_INCLUDE_DIR-NOTFOUND
ParMETIS library directory: ParMETIS_LIBRARY-NOTFOUND

Determining location of SuperLU failed:
Include directory: 
Library directory: 
Found unsupported version: SuperLU < 4.0

Determing location of ARPACK failed:
Libraries to link against: 

Determing location of ARPACK++ failed:
Include directory: 
Libraries to link against: 

Determing location of METIS failed:
Include directory: 
Library directory: 

Determing location of METIS failed:
Include directory: 
Library directory: 

Determing location of ParMETIS failed:
Include directory: PARMETIS_INCLUDE_DIR-NOTFOUND
ParMETIS library directory: ParMETIS_LIBRARY-NOTFOUND

Determining location of psurface failed:
Include directory: 
Library directory: 

Determing location of SIONLIB failed:
Include directory: 
Library directory: 

Determing location of METIS failed:
Include directory: 
Library directory: 

Determining location of GMP, GMPxx failed:
Include directory: GMPXX_INCLUDE_DIR-NOTFOUND
gmp library directory: GMP_LIB-NOTFOUND
gmpxx library directory: GMPXX_LIB-NOTFOUND

Determing location of METIS failed:
Include directory: 
Library directory: 

Determing location of METIS failed:
Include directory: 
Library directory: 

Determing location of ParMETIS failed:
Include directory: PARMETIS_INCLUDE_DIR-NOTFOUND
ParMETIS library directory: ParMETIS_LIBRARY-NOTFOUND

Determining location of SuperLU failed:
Include directory: 
Library directory: 
Found unsupported version: SuperLU < 4.0

Determing location of ARPACK failed:
Libraries to link against: 

Determing location of ARPACK++ failed:
Include directory: 
Libraries to link against: 

Determing location of METIS failed:
Include directory: 
Library directory: 

Determing location of METIS failed:
Include directory: 
Library directory: 

Determing location of ParMETIS failed:
Include directory: PARMETIS_INCLUDE_DIR-NOTFOUND
ParMETIS library directory: ParMETIS_LIBRARY-NOTFOUND

Determining location of psurface failed:
Include directory: 
Library directory: 

Determing location of SIONLIB failed:
Include directory: 
Library directory: 

Determing location of METIS failed:
Include directory: 
Library directory: 

Determining location of GMP, GMPxx failed:
Include directory: GMPXX_INCLUDE_DIR-NOTFOUND
gmp library directory: GMP_LIB-NOTFOUND
gmpxx library directory: GMPXX_LIB-NOTFOUND

Determing location of METIS failed:
Include directory: 
Library directory: 

Determing location of METIS failed:
Include directory: 
Library directory: 

Determing location of ParMETIS failed:
Include directory: PARMETIS_INCLUDE_DIR-NOTFOUND
ParMETIS library directory: ParMETIS_LIBRARY-NOTFOUND

Determining location of SuperLU failed:
Include directory: 
Library directory: 
Found unsupported version: SuperLU < 4.0

Determing location of ARPACK failed:
Libraries to link against: 

Determing location of ARPACK++ failed:
Include directory: 
Libraries to link against: 

Determing location of METIS failed:
Include directory: 
Library directory: 

Determing location of METIS failed:
Include directory: 
Library directory: 

Determing location of ParMETIS failed:
Include directory: PARMETIS_INCLUDE_DIR-NOTFOUND
ParMETIS library directory: ParMETIS_LIBRARY-NOTFOUND

Determining location of psurface failed:
Include directory: 
Library directory: 

Determing location of SIONLIB failed:
Include directory: 
Library directory: 

Determing location of METIS failed:
Include directory: 
Library directory: 

Determining location of GMP, GMPxx failed:
Include directory: GMPXX_INCLUDE_DIR-NOTFOUND
gmp library directory: GMP_LIB-NOTFOUND
gmpxx library directory: GMPXX_LIB-NOTFOUND

Determing location of METIS failed:
Include directory: 
Library directory: 

Determing location of METIS failed:
Include directory: 
Library directory: 

Determing location of ParMETIS failed:
Include directory: PARMETIS_INCLUDE_DIR-NOTFOUND
ParMETIS library directory: ParMETIS_LIBRARY-NOTFOUND

Determining location of SuperLU failed:
Include directory: 
Library directory: 
Found unsupported version: SuperLU < 4.0

Determing location of ARPACK failed:
Libraries to link against: 

Determing location of ARPACK++ failed:
Include directory: 
Libraries to link against: 

Determing location of METIS failed:
Include directory: 
Library directory: 

Determing location of METIS failed:
Include directory: 
Library directory: 

Determing location of ParMETIS failed:
Include directory: PARMETIS_INCLUDE_DIR-NOTFOUND
ParMETIS library directory: ParMETIS_LIBRARY-NOTFOUND

Determining location of psurface failed:
Include directory: 
Library directory: 

Determing location of SIONLIB failed:
Include directory: 
Library directory: 

Determing location of METIS failed:
Include directory: 
Library directory: 

Determining location of GMP, GMPxx failed:
Include directory: GMPXX_INCLUDE_DIR-NOTFOUND
gmp library directory: GMP_LIB-NOTFOUND
gmpxx library directory: GMPXX_LIB-NOTFOUND

Determing location of METIS failed:
Include directory: 
Library directory: 

Determing location of METIS failed:
Include directory: 
Library directory: 

Determing location of ParMETIS failed:
Include directory: PARMETIS_INCLUDE_DIR-NOTFOUND
ParMETIS library directory: ParMETIS_LIBRARY-NOTFOUND

Determining location of SuperLU failed:
Include directory: 
Library directory: 
Found unsupported version: SuperLU < 4.0

Determing location of ARPACK failed:
Libraries to link against: 

Determing location of ARPACK++ failed:
Include directory: 
Libraries to link against: 

Determing location of METIS failed:
Include directory: 
Library directory: 

Determing location of METIS failed:
Include directory: 
Library directory: 

Determing location of ParMETIS failed:
Include directory: PARMETIS_INCLUDE_DIR-NOTFOUND
ParMETIS library directory: ParMETIS_LIBRARY-NOTFOUND

Determining location of psurface failed:
Include directory: 
Library directory: 

Determing location of SIONLIB failed:
Include directory: 
Library directory: 

Determing location of METIS failed:
Include directory: 
Library directory: 

Determining location of GMP, GMPxx failed:
Include directory: GMPXX_INCLUDE_DIR-NOTFOUND
gmp library directory: GMP_LIB-NOTFOUND
gmpxx library directory: GMPXX_LIB-NOTFOUND

Determing location of METIS failed:
Include directory: 
Library directory: 

Determing location of METIS failed:
Include directory: 
Library directory: 

Determing location of ParMETIS failed:
Include directory: PARMETIS_INCLUDE_DIR-NOTFOUND
ParMETIS library directory: ParMETIS_LIBRARY-NOTFOUND

Determining location of SuperLU failed:
Include directory: 
Library directory: 
Found unsupported version: SuperLU < 4.0

Determing location of ARPACK failed:
Libraries to link against: 

Determing location of ARPACK++ failed:
Include directory: 
Libraries to link against: 

Determing location of METIS failed:
Include directory: 
Library directory: 

Determing location of METIS failed:
Include directory: 
Library directory: 

Determing location of ParMETIS failed:
Include directory: PARMETIS_INCLUDE_DIR-NOTFOUND
ParMETIS library directory: ParMETIS_LIBRARY-NOTFOUND

Determining location of psurface failed:
Include directory: 
Library directory: 

Determing location of SIONLIB failed:
Include directory: 
Library directory: 

Determing location of METIS failed:
Include directory: 
Library directory: 

Determining location of GMP, GMPxx failed:
Include directory: GMPXX_INCLUDE_DIR-NOTFOUND
gmp library directory: GMP_LIB-NOTFOUND
gmpxx library directory: GMPXX_LIB-NOTFOUND

Determing location of METIS failed:
Include directory: 
Library directory: 

Determing location of METIS failed:
Include directory: 
Library directory: 

Determing location of ParMETIS failed:
Include directory: PARMETIS_INCLUDE_DIR-NOTFOUND
ParMETIS library directory: ParMETIS_LIBRARY-NOTFOUND

Determining location of SuperLU failed:
Include directory: 
Library directory: 
Found unsupported version: SuperLU < 4.0

Determing location of ARPACK failed:
Libraries to link against: 

Determing location of ARPACK++ failed:
Include directory: 
Libraries to link against: 

Determing location of METIS failed:
Include directory: 
Library directory: 

Determing location of METIS failed:
Include directory: 
Library directory: 

Determing location of ParMETIS failed:
Include directory: PARMETIS_INCLUDE_DIR-NOTFOUND
ParMETIS library directory: ParMETIS_LIBRARY-NOTFOUND

Determining location of psurface failed:
Include directory: 
Library directory: 

Determing location of SIONLIB failed:
Include directory: 
Library directory: 

Determing location of METIS failed:
Include directory: 
Library directory: 

Determining location of GMP, GMPxx failed:
Include directory: GMPXX_INCLUDE_DIR-NOTFOUND
gmp library directory: GMP_LIB-NOTFOUND
gmpxx library directory: GMPXX_LIB-NOTFOUND

Determing location of METIS failed:
Include directory: 
Library directory: 

Determing location of METIS failed:
Include directory: 
Library directory: 

Determing location of ParMETIS failed:
Include directory: PARMETIS_INCLUDE_DIR-NOTFOUND
ParMETIS library directory: ParMETIS_LIBRARY-NOTFOUND

Determining location of SuperLU failed:
Include directory: 
Library directory: 
Found unsupported version: SuperLU < 4.0

Determing location of ARPACK failed:
Libraries to link against: 

Determing location of ARPACK++ failed:
Include directory: 
Libraries to link against: 

Determing location of METIS failed:
Include directory: 
Library directory: 

Determing location of METIS failed:
Include directory: 
Library directory: 

Determing location of ParMETIS failed:
Include directory: PARMETIS_INCLUDE_DIR-NOTFOUND
ParMETIS library directory: ParMETIS_LIBRARY-NOTFOUND

Determining location of psurface failed:
Include directory: 
Library directory: 

Determing location of SIONLIB failed:
Include directory: 
Library directory: 

Determing location of METIS failed:
Include directory: 
Library directory: 

Determining location of GMP, GMPxx failed:
Include directory: GMPXX_INCLUDE_DIR-NOTFOUND
gmp library directory: GMP_LIB-NOTFOUND
gmpxx library directory: GMPXX_LIB-NOTFOUND

Determing location of METIS failed:
Include directory: 
Library directory: 

Determing location of METIS failed:
Include directory: 
Library directory: 

Determing location of ParMETIS failed:
Include directory: PARMETIS_INCLUDE_DIR-NOTFOUND
ParMETIS library directory: ParMETIS_LIBRARY-NOTFOUND

Determining location of SuperLU failed:
Include directory: 
Library directory: 
Found unsupported version: SuperLU < 4.0

Determing location of ARPACK failed:
Libraries to link against: 

Determing location of ARPACK++ failed:
Include directory: 
Libraries to link against: 

Determing location of METIS failed:
Include directory: 
Library directory: 

Determing location of METIS failed:
Include directory: 
Library directory: 

Determing location of ParMETIS failed:
Include directory: PARMETIS_INCLUDE_DIR-NOTFOUND
ParMETIS library directory: ParMETIS_LIBRARY-NOTFOUND

Determining location of psurface failed:
Include directory: 
Library directory: 

Determing location of SIONLIB failed:
Include directory: 
Library directory: 

Determing location of METIS failed:
Include directory: 
Library directory: 

Determining location of GMP, GMPxx failed:
Include directory: GMPXX_INCLUDE_DIR-NOTFOUND
gmp library directory: GMP_LIB-NOTFOUND
gmpxx library directory: GMPXX_LIB-NOTFOUND

Determing location of METIS failed:
Include directory: 
Library directory: 

Determing location of METIS failed:
Include directory: 
Library directory: 

Determing location of ParMETIS failed:
Include directory: PARMETIS_INCLUDE_DIR-NOTFOUND
ParMETIS library directory: ParMETIS_LIBRARY-NOTFOUND

Determining location of SuperLU failed:
Include directory: 
Library directory: 
Found unsupported version: SuperLU < 4.0

Determing location of ARPACK failed:
Libraries to link against: 

Determing location of ARPACK++ failed:
Include directory: 
Libraries to link against: 

Determing location of METIS failed:
Include directory: 
Library directory: 

Determing location of METIS failed:
Include directory: 
Library directory: 

Determing location of ParMETIS failed:
Include directory: PARMETIS_INCLUDE_DIR-NOTFOUND
ParMETIS library directory: ParMETIS_LIBRARY-NOTFOUND

Determining location of psurface failed:
Include directory: 
Library directory: 

Determing location of SIONLIB failed:
Include directory: 
Library directory: 

Determing location of METIS failed:
Include directory: 
Library directory: 

Determining location of GMP, GMPxx failed:
Include directory: GMPXX_INCLUDE_DIR-NOTFOUND
gmp library directory: GMP_LIB-NOTFOUND
gmpxx library directory: GMPXX_LIB-NOTFOUND

Determing location of METIS failed:
Include directory: 
Library directory: 

Determing location of METIS failed:
Include directory: 
Library directory: 

Determing location of ParMETIS failed:
Include directory: PARMETIS_INCLUDE_DIR-NOTFOUND
ParMETIS library directory: ParMETIS_LIBRARY-NOTFOUND

Determining location of SuperLU failed:
Include directory: 
Library directory: 
Found unsupported version: SuperLU < 4.0

Determing location of ARPACK failed:
Libraries to link against: 

Determing location of ARPACK++ failed:
Include directory: 
Libraries to link against: 

Determing location of METIS failed:
Include directory: 
Library directory: 

Determing location of METIS failed:
Include directory: 
Library directory: 

Determing location of ParMETIS failed:
Include directory: PARMETIS_INCLUDE_DIR-NOTFOUND
ParMETIS library directory: ParMETIS_LIBRARY-NOTFOUND

Determining location of psurface failed:
Include directory: 
Library directory: 

Determing location of SIONLIB failed:
Include directory: 
Library directory: 

Determing location of METIS failed:
Include directory: 
Library directory: 

Determining location of GMP, GMPxx failed:
Include directory: GMPXX_INCLUDE_DIR-NOTFOUND
gmp library directory: GMP_LIB-NOTFOUND
gmpxx library directory: GMPXX_LIB-NOTFOUND

Determing location of METIS failed:
Include directory: 
Library directory: 

Determing location of METIS failed:
Include directory: 
Library directory: 

Determing location of ParMETIS failed:
Include directory: PARMETIS_INCLUDE_DIR-NOTFOUND
ParMETIS library directory: ParMETIS_LIBRARY-NOTFOUND

Determining location of SuperLU failed:
Include directory: 
Library directory: 
Found unsupported version: SuperLU < 4.0

Determing location of ARPACK failed:
Libraries to link against: 

Determing location of ARPACK++ failed:
Include directory: 
Libraries to link against: 

Determing location of METIS failed:
Include directory: 
Library directory: 

Determing location of METIS failed:
Include directory: 
Library directory: 

Determing location of ParMETIS failed:
Include directory: PARMETIS_INCLUDE_DIR-NOTFOUND
ParMETIS library directory: ParMETIS_LIBRARY-NOTFOUND

Determining location of psurface failed:
Include directory: 
Library directory: 

Determing location of SIONLIB failed:
Include directory: 
Library directory: 

Determing location of METIS failed:
Include directory: 
Library directory: 

Determining location of GMP, GMPxx failed:
Include directory: GMPXX_INCLUDE_DIR-NOTFOUND
gmp library directory: GMP_LIB-NOTFOUND
gmpxx library directory: GMPXX_LIB-NOTFOUND

Determing location of METIS failed:
Include directory: 
Library directory: 

Determing location of METIS failed:
Include directory: 
Library directory: 

Determing location of ParMETIS failed:
Include directory: PARMETIS_INCLUDE_DIR-NOTFOUND
ParMETIS library directory: ParMETIS_LIBRARY-NOTFOUND

Determining location of SuperLU failed:
Include directory: 
Library directory: 
Found unsupported version: SuperLU < 4.0

Determing location of ARPACK failed:
Libraries to link against: 

Determing location of ARPACK++ failed:
Include directory: 
Libraries to link against: 

Determing location of METIS failed:
Include directory: 
Library directory: 

Determing location of METIS failed:
Include directory: 
Library directory: 

Determing location of ParMETIS failed:
Include directory: PARMETIS_INCLUDE_DIR-NOTFOUND
ParMETIS library directory: ParMETIS_LIBRARY-NOTFOUND

Determining location of psurface failed:
Include directory: 
Library directory: 

Determing location of SIONLIB failed:
Include directory: 
Library directory: 

Determing location of METIS failed:
Include directory: 
Library directory: 

Determining location of GMP, GMPxx failed:
Include directory: GMPXX_INCLUDE_DIR-NOTFOUND
gmp library directory: GMP_LIB-NOTFOUND
gmpxx library directory: GMPXX_LIB-NOTFOUND

Determing location of METIS failed:
Include directory: 
Library directory: 

Determing location of METIS failed:
Include directory: 
Library directory: 

Determing location of ParMETIS failed:
Include directory: PARMETIS_INCLUDE_DIR-NOTFOUND
ParMETIS library directory: ParMETIS_LIBRARY-NOTFOUND

Determining location of SuperLU failed:
Include directory: 
Library directory: 
Found unsupported version: SuperLU < 4.0

Determing location of ARPACK failed:
Libraries to link against: 

Determing location of ARPACK++ failed:
Include directory: 
Libraries to link against: 

Determing location of METIS failed:
Include directory: 
Library directory: 

Determing location of METIS failed:
Include directory: 
Library directory: 

Determing location of ParMETIS failed:
Include directory: PARMETIS_INCLUDE_DIR-NOTFOUND
ParMETIS library directory: ParMETIS_LIBRARY-NOTFOUND

Determining location of psurface failed:
Include directory: 
Library directory: 

Determing location of SIONLIB failed:
Include directory: 
Library directory: 

Determing location of METIS failed:
Include directory: 
Library directory: 

Determining location of GMP, GMPxx failed:
Include directory: GMPXX_INCLUDE_DIR-NOTFOUND
gmp library directory: GMP_LIB-NOTFOUND
gmpxx library directory: GMPXX_LIB-NOTFOUND

Determing location of METIS failed:
Include directory: 
Library directory: 

Determing location of METIS failed:
Include directory: 
Library directory: 

Determing location of ParMETIS failed:
Include directory: PARMETIS_INCLUDE_DIR-NOTFOUND
ParMETIS library directory: ParMETIS_LIBRARY-NOTFOUND

Determining location of SuperLU failed:
Include directory: 
Library directory: 
Found unsupported version: SuperLU < 4.0

Determing location of ARPACK failed:
Libraries to link against: 

Determing location of ARPACK++ failed:
Include directory: 
Libraries to link against: 

Determing location of METIS failed:
Include directory: 
Library directory: 

Determing location of METIS failed:
Include directory: 
Library directory: 

Determing location of ParMETIS failed:
Include directory: PARMETIS_INCLUDE_DIR-NOTFOUND
ParMETIS library directory: ParMETIS_LIBRARY-NOTFOUND

Determining location of psurface failed:
Include directory: 
Library directory: 

Determing location of SIONLIB failed:
Include directory: 
Library directory: 

Determing location of METIS failed:
Include directory: 
Library directory: 

Determining location of GMP, GMPxx failed:
Include directory: GMPXX_INCLUDE_DIR-NOTFOUND
gmp library directory: GMP_LIB-NOTFOUND
gmpxx library directory: GMPXX_LIB-NOTFOUND

Determing location of METIS failed:
Include directory: 
Library directory: 

Determing location of METIS failed:
Include directory: 
Library directory: 

Determing location of ParMETIS failed:
Include directory: PARMETIS_INCLUDE_DIR-NOTFOUND
ParMETIS library directory: ParMETIS_LIBRARY-NOTFOUND

Determining location of SuperLU failed:
Include directory: 
Library directory: 
Found unsupported version: SuperLU < 4.0

Determing location of ARPACK failed:
Libraries to link against: 

Determing location of ARPACK++ failed:
Include directory: 
Libraries to link against: 

Determing location of METIS failed:
Include directory: 
Library directory: 

Determing location of METIS failed:
Include directory: 
Library directory: 

Determing location of ParMETIS failed:
Include directory: PARMETIS_INCLUDE_DIR-NOTFOUND
ParMETIS library directory: ParMETIS_LIBRARY-NOTFOUND

Determining location of psurface failed:
Include directory: 
Library directory: 

Determing location of SIONLIB failed:
Include directory: 
Library directory: 

Determing location of METIS failed:
Include directory: 
Library directory: 

Determining location of GMP, GMPxx failed:
Include directory: GMPXX_INCLUDE_DIR-NOTFOUND
gmp library directory: GMP_LIB-NOTFOUND
gmpxx library directory: GMPXX_LIB-NOTFOUND

Determing location of METIS failed:
Include directory: 
Library directory: 

Determing location of METIS failed:
Include directory: 
Library directory: 

Determing location of ParMETIS failed:
Include directory: PARMETIS_INCLUDE_DIR-NOTFOUND
ParMETIS library directory: ParMETIS_LIBRARY-NOTFOUND

Determining location of SuperLU failed:
Include directory: 
Library directory: 
Found unsupported version: SuperLU < 4.0

Determing location of ARPACK failed:
Libraries to link against: 

Determing location of ARPACK++ failed:
Include directory: 
Libraries to link against: 

Determing location of METIS failed:
Include directory: 
Library directory: 

Determing location of METIS failed:
Include directory: 
Library directory: 

Determing location of ParMETIS failed:
Include directory: PARMETIS_INCLUDE_DIR-NOTFOUND
ParMETIS library directory: ParMETIS_LIBRARY-NOTFOUND

Determining location of psurface failed:
Include directory: 
Library directory: 

Determing location of SIONLIB failed:
Include directory: 
Library directory: 

Determing location of METIS failed:
Include directory: 
Library directory: 

Determining location of GMP, GMPxx failed:
Include directory: GMPXX_INCLUDE_DIR-NOTFOUND
gmp library directory: GMP_LIB-NOTFOUND
gmpxx library directory: GMPXX_LIB-NOTFOUND

Determing location of METIS failed:
Include directory: 
Library directory: 

Determing location of METIS failed:
Include directory: 
Library directory: 

Determing location of ParMETIS failed:
Include directory: PARMETIS_INCLUDE_DIR-NOTFOUND
ParMETIS library directory: ParMETIS_LIBRARY-NOTFOUND

Determining location of SuperLU failed:
Include directory: 
Library directory: 
Found unsupported version: SuperLU < 4.0

Determing location of ARPACK failed:
Libraries to link against: 

Determing location of ARPACK++ failed:
Include directory: 
Libraries to link against: 

Determing location of METIS failed:
Include directory: 
Library directory: 

Determing location of METIS failed:
Include directory: 
Library directory: 

Determing location of ParMETIS failed:
Include directory: PARMETIS_INCLUDE_DIR-NOTFOUND
ParMETIS library directory: ParMETIS_LIBRARY-NOTFOUND

Determining location of psurface failed:
Include directory: 
Library directory: 

Determing location of SIONLIB failed:
Include directory: 
Library directory: 

Determing location of METIS failed:
Include directory: 
Library directory: 

Determining location of GMP, GMPxx failed:
Include directory: GMPXX_INCLUDE_DIR-NOTFOUND
gmp library directory: GMP_LIB-NOTFOUND
gmpxx library directory: GMPXX_LIB-NOTFOUND

Determing location of METIS failed:
Include directory: 
Library directory: 

Determing location of METIS failed:
Include directory: 
Library directory: 

Determing location of ParMETIS failed:
Include directory: PARMETIS_INCLUDE_DIR-NOTFOUND
ParMETIS library directory: ParMETIS_LIBRARY-NOTFOUND

Determining location of SuperLU failed:
Include directory: 
Library directory: 
Found unsupported version: SuperLU < 4.0

Determing location of ARPACK failed:
Libraries to link against: 

Determing location of ARPACK++ failed:
Include directory: 
Libraries to link against: 

Determing location of METIS failed:
Include directory: 
Library directory: 

Determing location of METIS failed:
Include directory: 
Library directory: 

Determing location of ParMETIS failed:
Include directory: PARMETIS_INCLUDE_DIR-NOTFOUND
ParMETIS library directory: ParMETIS_LIBRARY-NOTFOUND

Determining location of psurface failed:
Include directory: 
Library directory: 

Determing location of SIONLIB failed:
Include directory: 
Library directory: 

Determing location of METIS failed:
Include directory: 
Library directory: 

Determining location of GMP, GMPxx failed:
Include directory: GMPXX_INCLUDE_DIR-NOTFOUND
gmp library directory: GMP_LIB-NOTFOUND
gmpxx library directory: GMPXX_LIB-NOTFOUND

Determing location of METIS failed:
Include directory: 
Library directory: 

Determing location of METIS failed:
Include directory: 
Library directory: 

Determing location of ParMETIS failed:
Include directory: PARMETIS_INCLUDE_DIR-NOTFOUND
ParMETIS library directory: ParMETIS_LIBRARY-NOTFOUND

Determining location of SuperLU failed:
Include directory: 
Library directory: 
Found unsupported version: SuperLU < 4.0

Determing location of ARPACK failed:
Libraries to link against: 

Determing location of ARPACK++ failed:
Include directory: 
Libraries to link against: 

Determing location of METIS failed:
Include directory: 
Library directory: 

Determing location of METIS failed:
Include directory: 
Library directory: 

Determing location of ParMETIS failed:
Include directory: PARMETIS_INCLUDE_DIR-NOTFOUND
ParMETIS library directory: ParMETIS_LIBRARY-NOTFOUND

Determining location of psurface failed:
Include directory: 
Library directory: 

Determing location of SIONLIB failed:
Include directory: 
Library directory: 

Determing location of METIS failed:
Include directory: 
Library directory: 

Determining location of GMP, GMPxx failed:
Include directory: GMPXX_INCLUDE_DIR-NOTFOUND
gmp library directory: GMP_LIB-NOTFOUND
gmpxx library directory: GMPXX_LIB-NOTFOUND

Determing location of METIS failed:
Include directory: 
Library directory: 

Determing location of METIS failed:
Include directory: 
Library directory: 

Determing location of ParMETIS failed:
Include directory: PARMETIS_INCLUDE_DIR-NOTFOUND
ParMETIS library directory: ParMETIS_LIBRARY-NOTFOUND

Determining location of SuperLU failed:
Include directory: 
Library directory: 
Found unsupported version: SuperLU < 4.0

Determing location of ARPACK failed:
Libraries to link against: 

Determing location of ARPACK++ failed:
Include directory: 
Libraries to link against: 

Determing location of METIS failed:
Include directory: 
Library directory: 

Determing location of METIS failed:
Include directory: 
Library directory: 

Determing location of ParMETIS failed:
Include directory: PARMETIS_INCLUDE_DIR-NOTFOUND
ParMETIS library directory: ParMETIS_LIBRARY-NOTFOUND

Determining location of psurface failed:
Include directory: 
Library directory: 

Determing location of SIONLIB failed:
Include directory: 
Library directory: 

Determing location of METIS failed:
Include directory: 
Library directory: 

Determining location of GMP, GMPxx failed:
Include directory: GMPXX_INCLUDE_DIR-NOTFOUND
gmp library directory: GMP_LIB-NOTFOUND
gmpxx library directory: GMPXX_LIB-NOTFOUND

Determing location of METIS failed:
Include directory: 
Library directory: 

Determing location of METIS failed:
Include directory: 
Library directory: 

Determing location of ParMETIS failed:
Include directory: PARMETIS_INCLUDE_DIR-NOTFOUND
ParMETIS library directory: ParMETIS_LIBRARY-NOTFOUND

Determining location of SuperLU failed:
Include directory: 
Library directory: 
Found unsupported version: SuperLU < 4.0

Determing location of ARPACK failed:
Libraries to link against: 

Determing location of ARPACK++ failed:
Include directory: 
Libraries to link against: 

Determing location of METIS failed:
Include directory: 
Library directory: 

Determing location of METIS failed:
Include directory: 
Library directory: 

Determing location of ParMETIS failed:
Include directory: PARMETIS_INCLUDE_DIR-NOTFOUND
ParMETIS library directory: ParMETIS_LIBRARY-NOTFOUND

Determining location of psurface failed:
Include directory: 
Library directory: 

Determing location of SIONLIB failed:
Include directory: 
Library directory: 

Determing location of METIS failed:
Include directory: 
Library directory: 

Determining location of GMP, GMPxx failed:
Include directory: GMPXX_INCLUDE_DIR-NOTFOUND
gmp library directory: GMP_LIB-NOTFOUND
gmpxx library directory: GMPXX_LIB-NOTFOUND

Determing location of METIS failed:
Include directory: 
Library directory: 

Determing location of METIS failed:
Include directory: 
Library directory: 

Determing location of ParMETIS failed:
Include directory: PARMETIS_INCLUDE_DIR-NOTFOUND
ParMETIS library directory: ParMETIS_LIBRARY-NOTFOUND

Determining location of SuperLU failed:
Include directory: 
Library directory: 
Found unsupported version: SuperLU < 4.0

Determing location of ARPACK failed:
Libraries to link against: 

Determing location of ARPACK++ failed:
Include directory: 
Libraries to link against: 

Determing location of METIS failed:
Include directory: 
Library directory: 

Determing location of METIS failed:
Include directory: 
Library directory: 

Determing location of ParMETIS failed:
Include directory: PARMETIS_INCLUDE_DIR-NOTFOUND
ParMETIS library directory: ParMETIS_LIBRARY-NOTFOUND

Determining location of psurface failed:
Include directory: 
Library directory: 

Determing location of SIONLIB failed:
Include directory: 
Library directory: 

Determing location of METIS failed:
Include directory: 
Library directory: 

Determining location of GMP, GMPxx failed:
Include directory: GMPXX_INCLUDE_DIR-NOTFOUND
gmp library directory: GMP_LIB-NOTFOUND
gmpxx library directory: GMPXX_LIB-NOTFOUND

Determing location of METIS failed:
Include directory: 
Library directory: 

Determing location of METIS failed:
Include directory: 
Library directory: 

Determing location of ParMETIS failed:
Include directory: PARMETIS_INCLUDE_DIR-NOTFOUND
ParMETIS library directory: ParMETIS_LIBRARY-NOTFOUND

Determining location of SuperLU failed:
Include directory: 
Library directory: 
Found unsupported version: SuperLU < 4.0

Determing location of ARPACK failed:
Libraries to link against: 

Determing location of ARPACK++ failed:
Include directory: 
Libraries to link against: 

Determing location of METIS failed:
Include directory: 
Library directory: 

Determing location of METIS failed:
Include directory: 
Library directory: 

Determing location of ParMETIS failed:
Include directory: PARMETIS_INCLUDE_DIR-NOTFOUND
ParMETIS library directory: ParMETIS_LIBRARY-NOTFOUND

Determining location of psurface failed:
Include directory: 
Library directory: 

Determing location of SIONLIB failed:
Include directory: 
Library directory: 

Determing location of METIS failed:
Include directory: 
Library directory: 

Determining location of GMP, GMPxx failed:
Include directory: GMPXX_INCLUDE_DIR-NOTFOUND
gmp library directory: GMP_LIB-NOTFOUND
gmpxx library directory: GMPXX_LIB-NOTFOUND

Determing location of METIS failed:
Include directory: 
Library directory: 

Determing location of METIS failed:
Include directory: 
Library directory: 

Determing location of ParMETIS failed:
Include directory: PARMETIS_INCLUDE_DIR-NOTFOUND
ParMETIS library directory: ParMETIS_LIBRARY-NOTFOUND

Determining location of SuperLU failed:
Include directory: 
Library directory: 
Found unsupported version: SuperLU < 4.0

Determing location of ARPACK failed:
Libraries to link against: 

Determing location of ARPACK++ failed:
Include directory: 
Libraries to link against: 

Determing location of METIS failed:
Include directory: 
Library directory: 

Determing location of METIS failed:
Include directory: 
Library directory: 

Determing location of ParMETIS failed:
Include directory: PARMETIS_INCLUDE_DIR-NOTFOUND
ParMETIS library directory: ParMETIS_LIBRARY-NOTFOUND

Determining location of psurface failed:
Include directory: 
Library directory: 

Determing location of SIONLIB failed:
Include directory: 
Library directory: 

Determing location of METIS failed:
Include directory: 
Library directory: 

Determining location of GMP, GMPxx failed:
Include directory: GMPXX_INCLUDE_DIR-NOTFOUND
gmp library directory: GMP_LIB-NOTFOUND
gmpxx library directory: GMPXX_LIB-NOTFOUND

Determing location of METIS failed:
Include directory: 
Library directory: 

Determing location of METIS failed:
Include directory: 
Library directory: 

Determing location of ParMETIS failed:
Include directory: PARMETIS_INCLUDE_DIR-NOTFOUND
ParMETIS library directory: ParMETIS_LIBRARY-NOTFOUND

Determining location of SuperLU failed:
Include directory: 
Library directory: 
Found unsupported version: SuperLU < 4.0

Determing location of ARPACK failed:
Libraries to link against: 

Determing location of ARPACK++ failed:
Include directory: 
Libraries to link against: 

Determing location of METIS failed:
Include directory: 
Library directory: 

Determing location of METIS failed:
Include directory: 
Library directory: 

Determing location of ParMETIS failed:
Include directory: PARMETIS_INCLUDE_DIR-NOTFOUND
ParMETIS library directory: ParMETIS_LIBRARY-NOTFOUND

Determining location of psurface failed:
Include directory: 
Library directory: 

Determing location of SIONLIB failed:
Include directory: 
Library directory: 

Determing location of METIS failed:
Include directory: 
Library directory: 

Determining location of GMP, GMPxx failed:
Include directory: GMPXX_INCLUDE_DIR-NOTFOUND
gmp library directory: GMP_LIB-NOTFOUND
gmpxx library directory: GMPXX_LIB-NOTFOUND

Determing location of METIS failed:
Include directory: 
Library directory: 

Determing location of METIS failed:
Include directory: 
Library directory: 

Determing location of ParMETIS failed:
Include directory: PARMETIS_INCLUDE_DIR-NOTFOUND
ParMETIS library directory: ParMETIS_LIBRARY-NOTFOUND

Determining location of SuperLU failed:
Include directory: 
Library directory: 
Found unsupported version: SuperLU < 4.0

Determing location of ARPACK failed:
Libraries to link against: 

Determing location of ARPACK++ failed:
Include directory: 
Libraries to link against: 

Determing location of METIS failed:
Include directory: 
Library directory: 

Determing location of METIS failed:
Include directory: 
Library directory: 

Determing location of ParMETIS failed:
Include directory: PARMETIS_INCLUDE_DIR-NOTFOUND
ParMETIS library directory: ParMETIS_LIBRARY-NOTFOUND

Determining location of psurface failed:
Include directory: 
Library directory: 

Determing location of SIONLIB failed:
Include directory: 
Library directory: 

Determing location of METIS failed:
Include directory: 
Library directory: 

Determining location of GMP, GMPxx failed:
Include directory: GMPXX_INCLUDE_DIR-NOTFOUND
gmp library directory: GMP_LIB-NOTFOUND
gmpxx library directory: GMPXX_LIB-NOTFOUND

Determing location of METIS failed:
Include directory: 
Library directory: 

Determing location of METIS failed:
Include directory: 
Library directory: 

Determing location of ParMETIS failed:
Include directory: PARMETIS_INCLUDE_DIR-NOTFOUND
ParMETIS library directory: ParMETIS_LIBRARY-NOTFOUND

Determining location of SuperLU failed:
Include directory: 
Library directory: 
Found unsupported version: SuperLU < 4.0

Determing location of ARPACK failed:
Libraries to link against: 

Determing location of ARPACK++ failed:
Include directory: 
Libraries to link against: 

Determing location of METIS failed:
Include directory: 
Library directory: 

Determing location of METIS failed:
Include directory: 
Library directory: 

Determing location of ParMETIS failed:
Include directory: PARMETIS_INCLUDE_DIR-NOTFOUND
ParMETIS library directory: ParMETIS_LIBRARY-NOTFOUND

Determining location of psurface failed:
Include directory: 
Library directory: 

Determing location of SIONLIB failed:
Include directory: 
Library directory: 

Determing location of METIS failed:
Include directory: 
Library directory: 

Determining location of GMP, GMPxx failed:
Include directory: GMPXX_INCLUDE_DIR-NOTFOUND
gmp library directory: GMP_LIB-NOTFOUND
gmpxx library directory: GMPXX_LIB-NOTFOUND

Determing location of METIS failed:
Include directory: 
Library directory: 

Determing location of METIS failed:
Include directory: 
Library directory: 

Determing location of ParMETIS failed:
Include directory: PARMETIS_INCLUDE_DIR-NOTFOUND
ParMETIS library directory: ParMETIS_LIBRARY-NOTFOUND

Determining location of SuperLU failed:
Include directory: 
Library directory: 
Found unsupported version: SuperLU < 4.0

Determing location of ARPACK failed:
Libraries to link against: 

Determing location of ARPACK++ failed:
Include directory: 
Libraries to link against: 

Determing location of METIS failed:
Include directory: 
Library directory: 

Determing location of METIS failed:
Include directory: 
Library directory: 

Determing location of ParMETIS failed:
Include directory: PARMETIS_INCLUDE_DIR-NOTFOUND
ParMETIS library directory: ParMETIS_LIBRARY-NOTFOUND

Determining location of psurface failed:
Include directory: 
Library directory: 

Determing location of SIONLIB failed:
Include directory: 
Library directory: 

Determing location of METIS failed:
Include directory: 
Library directory: 

